<?xml version="1.0" encoding="UTF-8"?>
<!-- Generated by org.testng.reporters.JUnitReportReporter -->
<testsuite hostname="LAPTOP-QUOMNJ5A" failures="0" tests="1" name="com.vtiger.practice.ParllellExecutionforvarshithaTest" time="1.788" errors="0" timestamp="2022-05-23T14:47:47 IST" skipped="0">
  <testcase classname="com.vtiger.practice.ParllellExecutionforvarshithaTest" name="launchBrowser" time="1.788"/>
  <system-out/>
</testsuite> <!-- com.vtiger.practice.ParllellExecutionforvarshithaTest -->
