<?xml version="1.0" encoding="UTF-8"?>
<!-- Generated by org.testng.reporters.JUnitReportReporter -->
<testsuite hostname="LAPTOP-QUOMNJ5A" failures="0" tests="1" name="com.vtiger.practice.DataProviderTofetchMulltipleDataFromPropertyFile" time="0.000" errors="0" timestamp="2022-05-23T06:25:35 IST" skipped="1">
  <testcase classname="com.vtiger.practice.DataProviderTofetchMulltipleDataFromPropertyFile" name="practiceTest" time="0.000">
    <skipped/>
  </testcase> <!-- practiceTest -->
  <system-out/>
</testsuite> <!-- com.vtiger.practice.DataProviderTofetchMulltipleDataFromPropertyFile -->
