<?xml version="1.0" encoding="UTF-8"?>
<!-- Generated by org.testng.reporters.JUnitReportReporter -->
<testsuite hostname="LAPTOP-QUOMNJ5A" failures="0" tests="3" name="com.vtiger.organizationTest.CreateOrganizationandaAddIndustryaandTypeTest" time="89.649" errors="0" timestamp="2022-05-20T15:24:25 IST" skipped="0">
  <testcase classname="com.vtiger.organizationTest.CreateOrganizationandaAddIndustryaandTypeTest" name="createOrganizationandaAddIndustryaandTypeTest" time="33.222"/>
  <system-out/>
  <testcase classname="com.vtiger.organizationTest.CreateOrganizationandaAddIndustryaandTypeTest" name="createOrganizationandaAddIndustryaandTypeTest" time="33.302"/>
  <system-out/>
  <testcase classname="com.vtiger.organizationTest.CreateOrganizationandaAddIndustryaandTypeTest" name="createOrganizationandaAddIndustryaandTypeTest" time="23.125"/>
  <system-out/>
</testsuite> <!-- com.vtiger.organizationTest.CreateOrganizationandaAddIndustryaandTypeTest -->
