<?xml version="1.0" encoding="UTF-8"?>
<!-- Generated by org.testng.reporters.JUnitReportReporter -->
<testsuite hostname="LAPTOP-QUOMNJ5A" failures="0" tests="5" name="com.vtiger.practice.DataProviderToFetchTheMulltipleDataFromTwoDimensionalArray" time="0.021" errors="0" timestamp="2022-05-19T17:12:13 IST" skipped="0">
  <testcase classname="com.vtiger.practice.DataProviderToFetchTheMulltipleDataFromTwoDimensionalArray" name="loginPageAction" time="0.002"/>
  <system-out>
    <![CDATA[userName2  ------>  password2]]>
  </system-out>
  <testcase classname="com.vtiger.practice.DataProviderToFetchTheMulltipleDataFromTwoDimensionalArray" name="loginPageAction" time="0.010"/>
  <system-out>
    <![CDATA[userName  ------>  password]]>
  </system-out>
  <testcase classname="com.vtiger.practice.DataProviderToFetchTheMulltipleDataFromTwoDimensionalArray" name="loginPageAction" time="0.002"/>
  <system-out>
    <![CDATA[userName4  ------>  password4]]>
  </system-out>
  <testcase classname="com.vtiger.practice.DataProviderToFetchTheMulltipleDataFromTwoDimensionalArray" name="loginPageAction" time="0.004"/>
  <system-out>
    <![CDATA[userName1  ------>  password1]]>
  </system-out>
  <testcase classname="com.vtiger.practice.DataProviderToFetchTheMulltipleDataFromTwoDimensionalArray" name="loginPageAction" time="0.003"/>
  <system-out>
    <![CDATA[userName3  ------>  password3]]>
  </system-out>
</testsuite> <!-- com.vtiger.practice.DataProviderToFetchTheMulltipleDataFromTwoDimensionalArray -->
