<?xml version="1.0" encoding="UTF-8"?>
<!-- Generated by org.testng.reporters.JUnitReportReporter -->
<testsuite hostname="LAPTOP-QUOMNJ5A" failures="0" tests="1" name="com.vtiger.contactsTest.CreateContactsTest" time="16.725" errors="0" timestamp="2022-05-24T10:41:30 IST" skipped="0">
  <testcase classname="com.vtiger.contactsTest.CreateContactsTest" name="createContactsTest" time="16.725"/>
  <system-out/>
</testsuite> <!-- com.vtiger.contactsTest.CreateContactsTest -->
