<?xml version="1.0" encoding="UTF-8"?>
<!-- Generated by org.testng.reporters.JUnitReportReporter -->
<testsuite hostname="LAPTOP-QUOMNJ5A" failures="0" tests="1" name="com.vtiger.practice.TestNGBasicConfigurationTest" time="0.012" errors="0" timestamp="2022-05-16T17:54:29 IST" skipped="0">
  <testcase classname="com.vtiger.practice.TestNGBasicConfigurationTest" name="test1Test" time="0.012"/>
  <system-out>
    <![CDATA[Test1]]>
  </system-out>
</testsuite> <!-- com.vtiger.practice.TestNGBasicConfigurationTest -->
