<?xml version="1.0" encoding="UTF-8"?>
<!-- Generated by org.testng.reporters.JUnitReportReporter -->
<testsuite hostname="LAPTOP-QUOMNJ5A" failures="0" tests="3" name="com.vtiger.campajnsTest.CreateCapigenswithProductTest" time="127.101" errors="0" timestamp="2022-05-20T15:24:25 IST" skipped="0">
  <testcase classname="com.vtiger.campajnsTest.CreateCapigenswithProductTest" name="createCapigenswithProductTest" time="42.596"/>
  <system-out/>
  <testcase classname="com.vtiger.campajnsTest.CreateCapigenswithProductTest" name="createCapigenswithProductTest" time="41.665"/>
  <system-out/>
  <testcase classname="com.vtiger.campajnsTest.CreateCapigenswithProductTest" name="createCapigenswithProductTest" time="42.840"/>
  <system-out/>
</testsuite> <!-- com.vtiger.campajnsTest.CreateCapigenswithProductTest -->
