<?xml version="1.0" encoding="UTF-8"?>
<!-- Generated by org.testng.reporters.JUnitReportReporter -->
<testsuite hostname="LAPTOP-QUOMNJ5A" failures="0" tests="5" name="com.vtiger.practice.DataProviderToFetchTheMulltipleDataFromExcelTest" time="0.020" errors="0" timestamp="2022-05-17T14:55:10 IST" skipped="0">
  <testcase classname="com.vtiger.practice.DataProviderToFetchTheMulltipleDataFromExcelTest" name="loginPageAction" time="0.002"/>
  <system-out>
    <![CDATA[userName4  ------>  password4]]>
  </system-out>
  <testcase classname="com.vtiger.practice.DataProviderToFetchTheMulltipleDataFromExcelTest" name="loginPageAction" time="0.004"/>
  <system-out>
    <![CDATA[userName1  ------>  password1]]>
  </system-out>
  <testcase classname="com.vtiger.practice.DataProviderToFetchTheMulltipleDataFromExcelTest" name="loginPageAction" time="0.002"/>
  <system-out>
    <![CDATA[userName2  ------>  password2]]>
  </system-out>
  <testcase classname="com.vtiger.practice.DataProviderToFetchTheMulltipleDataFromExcelTest" name="loginPageAction" time="0.006"/>
  <system-out>
    <![CDATA[userName3  ------>  password3]]>
  </system-out>
  <testcase classname="com.vtiger.practice.DataProviderToFetchTheMulltipleDataFromExcelTest" name="loginPageAction" time="0.006"/>
  <system-out>
    <![CDATA[userName  ------>  password]]>
  </system-out>
</testsuite> <!-- com.vtiger.practice.DataProviderToFetchTheMulltipleDataFromExcelTest -->
